<?xml version="1.0" encoding="UTF-8"?>
<testng-results skipped="0" failed="0" total="1" passed="1">
  <reporter-output>
  </reporter-output>
  <suite name="Default suite" duration-ms="43913" started-at="2018-06-26T16:16:59Z" finished-at="2018-06-26T16:17:43Z">
    <groups>
    </groups>
    <test name="Default test" duration-ms="43913" started-at="2018-06-26T16:16:59Z" finished-at="2018-06-26T16:17:43Z">
      <class name="com.example.tests.Tc47SMSGSmoke">
        <test-method status="PASS" signature="setUp()[pri:0, instance:com.example.tests.Tc47SMSGSmoke@591f989e]" name="setUp" is-config="true" duration-ms="7004" started-at="2018-06-26T21:46:59Z" finished-at="2018-06-26T21:47:06Z">
          <reporter-output>
          </reporter-output>
        </test-method> <!-- setUp -->
        <test-method status="PASS" signature="testTc47SMSGSmoke()[pri:0, instance:com.example.tests.Tc47SMSGSmoke@591f989e]" name="testTc47SMSGSmoke" duration-ms="35811" started-at="2018-06-26T21:47:06Z" finished-at="2018-06-26T21:47:42Z">
          <reporter-output>
          </reporter-output>
        </test-method> <!-- testTc47SMSGSmoke -->
        <test-method status="PASS" signature="tearDown()[pri:0, instance:com.example.tests.Tc47SMSGSmoke@591f989e]" name="tearDown" is-config="true" duration-ms="1083" started-at="2018-06-26T21:47:42Z" finished-at="2018-06-26T21:47:43Z">
          <reporter-output>
          </reporter-output>
        </test-method> <!-- tearDown -->
      </class> <!-- com.example.tests.Tc47SMSGSmoke -->
    </test> <!-- Default test -->
  </suite> <!-- Default suite -->
</testng-results>
